[2024-08-29 09:01:00][BondRatingLoader][INFO] Fetching bond ratings from Moody's...
[2024-08-29 09:01:01][BondRatingLoader][INFO] Bond [ACME Corp, 5.00%, 2028-12-31] ISIN: US1234567890, Rating: A+.
[2024-08-29 09:01:02][BondRatingLoader][INFO] Bond [Globex Inc, 4.25%, 2030-06-15] ISIN: US9876543210, Rating: BBB.
[2024-08-29 09:01:03][BondRatingLoader][INFO] Bond ratings loaded from Moody's.
[2024-08-29 09:02:00][BondRatingLoader][INFO] Fetching bond ratings from S&P...
[2024-08-29 09:02:01][BondRatingLoader][INFO] Bond [ACME Corp, 5.00%, 2028-12-31] ISIN: US1234567890, Rating: A.
[2024-08-29 09:02:02][BondRatingLoader][INFO] Bond [Globex Inc, 4.25%, 2030-06-15] ISIN: US9876543210, Rating: BBB-.
[2024-08-29 09:02:03][BondRatingLoader][INFO] Bond ratings loaded from S&P.
[2024-08-29 09:03:00][BondRatingLoader][INFO] Cross-verifying ratings from Moody's and S&P...
[2024-08-29 09:03:01][BondRatingLoader][INFO] No discrepancies found for [ACME Corp, 5.00%, 2028-12-31].
[2024-08-29 09:03:02][BondRatingLoader][INFO] Minor discrepancy for [Globex Inc, 4.25%, 2030-06-15].
[2024-08-29 09:03:03][BondRatingLoader][INFO] Ratings cross-verification completed.
[2024-08-29 09:04:00][BondRatingLoader][INFO] Loading bond ratings from Fitch...
[2024-08-29 09:04:01][BondRatingLoader][INFO] Bond [ACME Corp, 5.00%, 2028-12-31] ISIN: US1234567890, Rating: A-.
[2024-08-29 09:04:02][BondRatingLoader][INFO] Bond [Globex Inc, 4.25%, 2030-06-15] ISIN: US9876543210, Rating: BBB+.
[2024-08-29 09:04:03][BondRatingLoader][INFO] Bond ratings loaded from Fitch.
[2024-08-29 09:05:00][BondRatingLoader][INFO] Fetching ratings for newly issued bonds...
[2024-08-29 09:05:01][BondRatingLoader][INFO] Bond [Initech, 3.50%, 2026-09-30] ISIN: US1122334455, Rating: AA, Source: Moody's.
[2024-08-29 09:05:02][BondRatingLoader][INFO] Bond [Umbrella Corp, 6.75%, 2029-01-01] ISIN: US9988776655, Rating: BB, Source: S&P.
[2024-08-29 09:05:03][BondRatingLoader][INFO] New bond ratings fetched successfully.
[2024-08-29 09:06:00][BondRatingLoader][INFO] Initiating bond rating updates...
[2024-08-29 09:06:01][BondRatingLoader][INFO] Updated rating for [ACME Corp, 5.00%, 2028-12-31] to A, Source: S&P.
[2024-08-29 09:06:02][BondRatingLoader][INFO] No changes for [Globex Inc, 4.25%, 2030-06-15].
[2024-08-29 09:06:03][BondRatingLoader][INFO] Bond rating updates completed.
[2024-08-29 09:07:00][BondRatingLoader][INFO] Compiling bond ratings for portfolio review...
[2024-08-29 09:07:01][BondRatingLoader][INFO] Portfolio review: Average rating A-.
[2024-08-29 09:07:02][BondRatingLoader][INFO] High-yield bonds identified: [Umbrella Corp, 6.75%, 2029-01-01].
[2024-08-29 09:07:03][BondRatingLoader][INFO] Bond ratings compiled for review.
[2024-08-29 09:08:00][BondRatingLoader][INFO] Analyzing rating changes for investment decision support...
[2024-08-29 09:08:01][BondRatingLoader][INFO] Positive rating trajectory for [Initech, 3.50%, 2026-09-30].
[2024-08-29 09:08:02][BondRatingLoader][INFO] Potential downgrade flagged for [Umbrella Corp, 6.75%, 2029-01-01].
[2024-08-29 09:08:03][BondRatingLoader][INFO] Rating change analysis completed.
[2024-08-29 09:09:00][BondRatingLoader][INFO] Loading ratings for high-yield bonds...
[2024-08-29 09:09:01][BondRatingLoader][INFO] Bond [Skynet Systems, 7.25%, 2032-03-01] ISIN: US7766554433, Rating: B+, Source: Fitch.
[2024-08-29 09:09:02][BondRatingLoader][INFO] Bond [Cyberdyne, 5.50%, 2025-07-20] ISIN: US5544332211, Rating: BB-, Source: S&P.
[2024-08-29 09:09:03][BondRatingLoader][INFO] High-yield bond ratings loaded.
[2024-08-29 09:10:00][BondRatingLoader][INFO] Fetching ratings from external databases for validation...
[2024-08-29 09:10:01][BondRatingLoader][INFO] External rating validation: [ACME Corp, 5.00%, 2028-12-31] consistent.
[2024-08-29 09:10:02][BondRatingLoader][INFO] External rating validation: [Globex Inc, 4.25%, 2030-06-15] consistent.
[2024-08-29 09:10:03][BondRatingLoader][INFO] External validation completed.
[2024-08-29 09:11:00][BondRatingLoader][INFO] Monitoring bond rating changes in real-time...
[2024-08-29 09:11:01][BondRatingLoader][INFO] Real-time alert: [Globex Inc, 4.25%, 2030-06-15] rating change to BBB+.
[2024-08-29 09:11:02][BondRatingLoader][INFO] Real-time alert: [Umbrella Corp, 6.75%, 2029-01-01] rating change to BB-.
[2024-08-29 09:11:03][BondRatingLoader][INFO] Real-time bond rating monitoring in progress.
[2024-08-29 09:12:00][BondRatingLoader][INFO] Checking bond ratings against internal thresholds...
[2024-08-29 09:12:01][BondRatingLoader][INFO] [ACME Corp, 5.00%, 2028-12-31] within thresholds.
[2024-08-29 09:12:02][BondRatingLoader][INFO] [Umbrella Corp, 6.75%, 2029-01-01] below investment-grade threshold.
[2024-08-29 09:12:03][BondRatingLoader][INFO] Bond ratings checked against thresholds.
[2024-08-29 09:13:00][BondRatingLoader][INFO] Reviewing bond ratings for potential upgrades...
[2024-08-29 09:13:01][BondRatingLoader][INFO] [ACME Corp, 5.00%, 2028-12-31] potential upgrade flagged by Moody's.
[2024-08-29 09:13:02][BondRatingLoader][INFO] [Initech, 3.50%, 2026-09-30] stable rating outlook.
[2024-08-29 09:13:03][BondRatingLoader][INFO] Upgrade review completed.
[2024-08-29 09:14:00][BondRatingLoader][INFO] Fetching bond ratings for callable bonds...
[2024-08-29 09:14:01][BondRatingLoader][INFO] Bond [TechCorp, 4.00%, 2027-11-01] ISIN: US8899001122, Rating: BBB, Source: Fitch.
[2024-08-29 09:14:02][BondRatingLoader][INFO] Bond [Alpha Industries, 6.00%, 2029-02-10] ISIN: US6677889900, Rating: BB+, Source: S&P.
[2024-08-29 09:14:03][BondRatingLoader][INFO] Callable bond ratings fetched.
[2024-08-29 09:15:00][BondRatingLoader][INFO] Compiling rating changes for audit reporting...
[2024-08-29 09:15:01][BondRatingLoader][INFO] Rating change for [Globex Inc, 4.25%, 2030-06-15]: BBB- to BBB+.
[2024-08-29 09:15:02][BondRatingLoader][INFO] Rating change for [Umbrella Corp, 6.75%, 2029-01-01]: BB to BB-.
[2024-08-29 09:15:03][BondRatingLoader][INFO] Audit report compiled with rating changes.
[2024-08-29 09:16:00][BondRatingLoader][INFO] Loading bond ratings for quarterly review...
[2024-08-29 09:16:01][BondRatingLoader][INFO] Quarterly review: Bond [Initech, 3.50%, 2026-09-30], Rating: AA.
[2024-08-29 09:16:02][BondRatingLoader][INFO] Quarterly review: Bond [Alpha Industries, 6.00%, 2029-02-10], Rating: BB+.
[2024-08-29 09:16:03][BondRatingLoader][INFO] Quarterly bond rating review completed.
[2024-08-29 09:17:00][BondRatingLoader][INFO] Fetching bond ratings for sovereign bonds...
[2024-08-29 09:17:01][BondRatingLoader][INFO] Bond [US Treasury, 2.50%, 2028-12-31] ISIN: US0123456789, Rating: AAA, Source: S&P.
[2024-08-29 09:17:02][BondRatingLoader][INFO] Bond [Japanese Gov, 0.50%, 2030-03-15] ISIN: JP9876543210, Rating: A+, Source: Moody's.
[2024-08-29 09:17:03][BondRatingLoader][INFO] Sovereign bond ratings fetched.
[2024-08-29 09:18:00][BondRatingLoader][INFO] Analyzing bond ratings for investment strategy alignment...
[2024-08-29 09:18:01][BondRatingLoader][INFO] Strategy alignment: [ACME Corp, 5.00%, 2028-12-31], Rating A.
[2024-08-29 09:18:02][BondRatingLoader][INFO] Strategy alignment: [Cyberdyne, 5.50%, 2025-07-20], Rating BB-.
[2024-08-29 09:18:03][BondRatingLoader][INFO] Bond ratings aligned with investment strategy.
[2024-08-29 09:19:00][BondRatingLoader][INFO] Monitoring rating changes for distressed bonds...
[2024-08-29 09:19:01][BondRatingLoader][INFO] Alert: [Skynet Systems, 7.25%, 2032-03-01] rating downgraded to B.
[2024-08-29 09:19:02][BondRatingLoader][INFO] Alert: [Umbrella Corp, 6.75%, 2029-01-01] rating remains BB-.
[2024-08-29 09:19:03][BondRatingLoader][INFO] Distressed bond rating monitoring ongoing.
[2024-08-29 09:20:00][BondRatingLoader][INFO] Conducting end-of-day rating update process...
[2024-08-29 09:20:01][BondRatingLoader][INFO] End-of-day update: [Globex Inc, 4.25%, 2030-06-15], Rating BBB+.
[2024-08-29 09:20:02][BondRatingLoader][INFO] End-of-day update: [Initech, 3.50%, 2026-09-30], Rating AA.
[2024-08-29 09:20:03][BondRatingLoader][INFO] End-of-day bond rating updates completed.
[2024-08-29 09:21:00][BondRatingLoader][INFO] Reporting bond ratings for regulatory compliance...
[2024-08-29 09:21:01][BondRatingLoader][INFO] Compliance report: [US Treasury, 2.50%, 2028-12-31], Rating AAA.
[2024-08-29 09:21:02][BondRatingLoader][INFO] Compliance report: [Japanese Gov, 0.50%, 2030-03-15], Rating A+.
[2024-08-29 09:21:03][BondRatingLoader][INFO] Bond ratings reported for compliance.
[2024-08-29 09:22:00][BondRatingLoader][INFO] Assessing bond ratings for risk management dashboard...
[2024-08-29 09:22:01][BondRatingLoader][INFO] Risk dashboard: [TechCorp, 4.00%, 2027-11-01], Rating BBB.
[2024-08-29 09:22:02][BondRatingLoader][INFO] Risk dashboard: [Alpha Industries, 6.00%, 2029-02-10], Rating BB+.
[2024-08-29 09:22:03][BondRatingLoader][INFO] Bond ratings assessed for risk management.
[2024-08-29 09:23:00][BondRatingLoader][INFO] Initiating bond rating forecast analysis...
[2024-08-29 09:23:01][BondRatingLoader][INFO] Forecast: [ACME Corp, 5.00%, 2028-12-31] stable rating.
[2024-08-29 09:23:02][BondRatingLoader][INFO] Forecast: [Umbrella Corp, 6.75%, 2029-01-01] potential downgrade.
[2024-08-29 09:23:03][BondRatingLoader][INFO] Bond rating forecast analysis completed.
[2024-08-29 09:24:00][BondRatingLoader][INFO] Reviewing ratings for bonds nearing maturity...
[2024-08-29 09:24:01][BondRatingLoader][INFO] [Globex Inc, 4.25%, 2030-06-15] Rating BBB+.
[2024-08-29 09:24:02][BondRatingLoader][INFO] [Cyberdyne, 5.50%, 2025-07-20] Rating BB-.
[2024-08-29 09:24:03][BondRatingLoader][INFO] Ratings review for maturity bonds completed.
[2024-08-29 09:25:00][BondRatingLoader][INFO] Preparing bond rating changes for strategic meetings...
[2024-08-29 09:25:01][BondRatingLoader][INFO] Strategic report: [ACME Corp, 5.00%, 2028-12-31] Rating A.
[2024-08-29 09:25:02][BondRatingLoader][INFO] Strategic report: [Initech, 3.50%, 2026-09-30] Rating AA.
[2024-08-29 09:25:03][BondRatingLoader][INFO] Bond rating changes prepared for strategy.
[2024-08-29 09:26:00][BondRatingLoader][INFO] Logging bond rating activities for audit trail...
[2024-08-29 09:26:01][BondRatingLoader][INFO] Rating log: [ACME Corp, 5.00%, 2028-12-31], Rating A.
[2024-08-29 09:26:02][BondRatingLoader][INFO] Rating log: [Umbrella Corp, 6.75%, 2029-01-01], Rating BB-.
[2024-08-29 09:26:03][BondRatingLoader][INFO] Bond rating activities logged for audit.
