[2024-08-29 09:01:00][CreditChecker][INFO] CreditChecker started.
[2024-08-29 09:01:00][CreditChecker][INFO] Initiating counterparty credit checks...
[2024-08-29 09:01:01][CreditChecker][INFO] Checking credit status for Counterparty ABCDEFG...
[2024-08-29 09:01:02][CreditChecker][INFO] Counterparty ABCDEFG credit rating: A+, Rating Source: Fitch.
[2024-08-29 09:01:03][CreditChecker][INFO] Credit limit for Counterparty ABCDEFG: $10M.
[2024-08-29 09:01:04][CreditChecker][INFO] Credit check passed for Counterparty ABCDEFG.
[2024-08-29 09:02:00][CreditChecker][INFO] Checking credit status for Counterparty HIJKLMN...
[2024-08-29 09:02:01][CreditChecker][INFO] Counterparty HIJKLMN credit rating: BBB, Rating Source: S&P.
[2024-08-29 09:02:02][CreditChecker][INFO] Credit limit for Counterparty HIJKLMN: $5M.
[2024-08-29 09:02:03][CreditChecker][INFO] Credit check passed for Counterparty HIJKLMN.
[2024-08-29 09:03:00][CreditChecker][INFO] Initiating enhanced due diligence for high-risk counterparty XYZABCD...
[2024-08-29 09:03:01][CreditChecker][INFO] Counterparty XYZABCD flagged for potential downgrade, Source: Moody's.
[2024-08-29 09:03:02][CreditChecker][INFO] Counterparty XYZABCD current rating: BB+, Outlook: Negative.
[2024-08-29 09:03:03][CreditChecker][INFO] Credit checks in progress for Counterparty XYZABCD.
[2024-08-29 09:04:00][CreditChecker][INFO] Running stress tests on credit exposure for Counterparty ABCDEFG...
[2024-08-29 09:04:01][CreditChecker][INFO] Stress test scenario: 20% market downturn.
[2024-08-29 09:04:02][CreditChecker][INFO] Counterparty ABCDEFG exposure reduced by 5%, within acceptable limits.
[2024-08-29 09:04:03][CreditChecker][INFO] Stress test completed for Counterparty ABCDEFG.
[2024-08-29 09:05:00][CreditChecker][INFO] Reviewing credit status changes from rating agencies...
[2024-08-29 09:05:01][CreditChecker][INFO] No rating changes for Counterparty HIJKLMN.
[2024-08-29 09:05:02][CreditChecker][INFO] Counterparty XYZABCD under review for possible downgrade.
[2024-08-29 09:05:03][CreditChecker][INFO] Credit status review completed.
[2024-08-29 09:06:00][CreditChecker][INFO] Fetching updated credit reports from Experian...
[2024-08-29 09:06:01][CreditChecker][INFO] Updated credit report for Counterparty ABCDEFG: No changes.
[2024-08-29 09:06:02][CreditChecker][INFO] Updated credit report for Counterparty HIJKLMN: Improved outlook.
[2024-08-29 09:06:03][CreditChecker][INFO] Credit reports updated.
[2024-08-29 09:07:00][CreditChecker][INFO] Analyzing counterparty credit exposure limits...
[2024-08-29 09:07:01][CreditChecker][INFO] Exposure for Counterparty ABCDEFG: $8M, within limit.
[2024-08-29 09:07:02][CreditChecker][INFO] Exposure for Counterparty HIJKLMN: $4M, within limit.
[2024-08-29 09:07:03][CreditChecker][INFO] All exposures within credit limits.
[2024-08-29 09:08:00][CreditChecker][INFO] Loading credit checks for repo trade counterparties...
[2024-08-29 09:08:01][CreditChecker][INFO] Counterparty PQRSTUV credit rating: AA, Rating Source: Moody's.
[2024-08-29 09:08:02][CreditChecker][INFO] Credit limit for Counterparty PQRSTUV: $15M.
[2024-08-29 09:08:03][CreditChecker][INFO] Credit check passed for Counterparty PQRSTUV.
[2024-08-29 09:09:00][CreditChecker][INFO] Monitoring real-time changes in counterparty credit ratings...
[2024-08-29 09:09:01][CreditChecker][INFO] Alert: Counterparty HIJKLMN upgraded to BBB+, Source: S&P.
[2024-08-29 09:09:02][CreditChecker][INFO] Counterparty ABCDEFG rating unchanged.
[2024-08-29 09:09:03][CreditChecker][INFO] Real-time credit monitoring ongoing.
[2024-08-29 09:10:00][CreditChecker][INFO] Conducting credit risk analysis on new counterparty DEFHIJK...
[2024-08-29 09:10:01][CreditChecker][INFO] Counterparty DEFHIJK credit rating: BBB-, Rating Source: Fitch.
[2024-08-29 09:10:02][CreditChecker][INFO] Credit limit for Counterparty DEFHIJK: $3M.
[2024-08-29 09:10:03][CreditChecker][INFO] Credit check passed for Counterparty DEFHIJK.
[2024-08-29 09:11:00][CreditChecker][INFO] Evaluating impact of credit rating changes on repo trades...
[2024-08-29 09:11:01][CreditChecker][INFO] No impact detected on trades with Counterparty ABCDEFG.
[2024-08-29 09:11:02][CreditChecker][INFO] Counterparty HIJKLMN trades re-evaluated: No action needed.
[2024-08-29 09:11:03][CreditChecker][INFO] Credit rating impact assessment completed.
[2024-08-29 09:12:00][CreditChecker][INFO] Verifying counterparty credit limits against trading positions...
[2024-08-29 09:12:01][CreditChecker][INFO] Counterparty ABCDEFG: $2M available under limit.
[2024-08-29 09:12:02][CreditChecker][INFO] Counterparty HIJKLMN: $1M available under limit.
[2024-08-29 09:12:03][CreditChecker][INFO] All positions within credit limits.
[2024-08-29 09:13:00][CreditChecker][INFO] Cross-checking counterparty credit status with external data sources...
[2024-08-29 09:13:01][CreditChecker][INFO] Counterparty ABCDEFG data matches with S&P records.
[2024-08-29 09:13:02][CreditChecker][INFO] Counterparty HIJKLMN data verified with Fitch.
[2024-08-29 09:13:03][CreditChecker][INFO] Cross-verification completed.
[2024-08-29 09:14:00][CreditChecker][INFO] Running automated credit re-evaluation for Counterparty XYZABCD...
[2024-08-29 09:14:01][CreditChecker][INFO] No further downgrade detected for Counterparty XYZABCD.
[2024-08-29 09:14:02][CreditChecker][INFO] Credit status for Counterparty XYZABCD stable.
[2024-08-29 09:15:00][CreditChecker][INFO] Initiating credit risk alert system for high-risk counterparties...
[2024-08-29 09:15:01][CreditChecker][INFO] Alert threshold: BB rating or below.
[2024-08-29 09:15:02][CreditChecker][INFO] No counterparties triggered high-risk alert.
[2024-08-29 09:16:00][CreditChecker][INFO] Compiling credit exposure reports for portfolio analysis...
[2024-08-29 09:16:01][CreditChecker][INFO] Total credit exposure: $50M.
[2024-08-29 09:16:02][CreditChecker][INFO] Exposure within risk appetite.
[2024-08-29 09:17:00][CreditChecker][INFO] Reviewing counterparty credit changes for end-of-day processing...
[2024-08-29 09:17:01][CreditChecker][INFO] No end-of-day changes for Counterparty ABCDEFG.
[2024-08-29 09:17:02][CreditChecker][INFO] Counterparty HIJKLMN end-of-day status confirmed.
[2024-08-29 09:18:00][CreditChecker][INFO] Reporting credit check outcomes to compliance team...
[2024-08-29 09:18:01][CreditChecker][INFO] Compliance report sent for Counterparty ABCDEFG.
[2024-08-29 09:18:02][CreditChecker][INFO] Compliance report sent for Counterparty HIJKLMN.
[2024-08-29 09:19:00][CreditChecker][INFO] Monitoring counterparty credit for market-opening adjustments...
[2024-08-29 09:19:01][CreditChecker][INFO] Counterparty ABCDEFG: No changes.
[2024-08-29 09:19:02][CreditChecker][INFO] Counterparty HIJKLMN: Adjustments within limit.
[2024-08-29 09:19:03][CreditChecker][INFO] Market-opening credit checks completed.
[2024-08-29 09:20:00][CreditChecker][INFO] Assessing creditworthiness of new repo trade counterparties...
[2024-08-29 09:20:01][CreditChecker][INFO] Counterparty ABCXYZZ credit rating: A, Rating Source: Moody's.
[2024-08-29 09:20:02][CreditChecker][INFO] Counterparty DEFHIJK credit rating: BBB-, Rating Source: Fitch.
[2024-08-29 09:20:03][CreditChecker][INFO] New counterparties passed initial credit checks.
[2024-08-29 09:21:00][CreditChecker][INFO] Loading credit history for repo counterparties...
[2024-08-29 09:21:01][CreditChecker][WARNING] Counterparty ABCXYZZ: No historical defaults.
[2024-08-29 09:21:02][CreditChecker][INFO] Counterparty DEFHIJK: Minor payment delays in 2022.
[2024-08-29 09:21:03][CreditChecker][INFO] Credit history loaded for analysis.
[2024-08-29 09:22:00][CreditChecker][INFO] Evaluating credit impact of FX rate changes...
[2024-08-29 09:22:01][CreditChecker][INFO] No significant credit impact from FX rate changes.
[2024-08-29 09:22:02][CreditChecker][INFO] Counterparty credit ratings remain stable.
[2024-08-29 09:23:00][CreditChecker][INFO] Reviewing counterparty credit score adjustments...
[2024-08-29 09:23:01][CreditChecker][INFO] Counterparty ABCXYZZ score improved by 5 points.
[2024-08-29 09:23:02][CreditChecker][INFO] Counterparty DEFHIJK score unchanged.
[2024-08-29 09:23:03][CreditChecker][INFO] Credit score review completed.
[2024-08-29 09:24:00][CreditChecker][INFO] Reporting credit risk metrics for portfolio summary...
[2024-08-29 09:24:01][CreditChecker][INFO] Total exposure to BBB or below: $20M.
[2024-08-29 09:24:02][CreditChecker][INFO] Credit risk metrics updated in portfolio summary.
[2024-08-29 09:25:00][CreditChecker][INFO] Initiating quarterly credit review for all counterparties...
[2024-08-29 09:25:01][CreditChecker][INFO] No new ratings changes detected.
[2024-08-29 09:25:02][CreditChecker][INFO] Quarterly credit review completed.
[2024-08-29 09:26:00][CreditChecker][INFO] Logging credit check activities for audit trail...
[2024-08-29 09:26:01][CreditChecker][INFO] Credit checks logged for Counterparty ABCXYZZ.
[2024-08-29 09:26:02][CreditChecker][INFO] Credit checks logged for Counterparty DEFHIJK.
