[2024-08-29 09:00:10][FXRateLoader][INFO] FXRateLoader started.
[2024-08-29 09:00:10][FXRateLoader][INFO] FXRateLoader loading config.
[2024-08-29 09:00:10][FXRateLoader][WARNING] CNY is disabled loading.
[2024-08-29 09:00:10][FXRateLoader][INFO] Fetching latest FX rates from ECB...
[2024-08-29 09:00:11][FXRateLoader][INFO] USD/EUR rate: 1.0915, USD/JPY rate: 145.22.
[2024-08-29 09:00:12][FXRateLoader][INFO] FX rate data loaded successfully.
[2024-08-29 09:01:00][FXRateLoader][INFO] Fetching historical FX rates for last 30 days...
[2024-08-29 09:01:01][FXRateLoader][INFO] USD/EUR 30-day average rate: 1.0893.
[2024-08-29 09:01:02][FXRateLoader][INFO] USD/JPY 30-day average rate: 144.67.
[2024-08-29 09:01:03][FXRateLoader][INFO] Historical FX rates loaded.
[2024-08-29 09:02:00][FXRateLoader][INFO] Monitoring real-time FX rate changes...
[2024-08-29 09:02:01][FXRateLoader][INFO] USD/EUR rate update: 1.0917.
[2024-08-29 09:02:02][FXRateLoader][INFO] USD/JPY rate update: 145.25.
[2024-08-29 09:02:03][FXRateLoader][INFO] USD/GBP rate added: 1.2740.
[2024-08-29 09:03:00][FXRateLoader][INFO] Fetching FX rates from secondary source: Reuters...
[2024-08-29 09:03:01][FXRateLoader][INFO] Reuters USD/EUR rate: 1.0916.
[2024-08-29 09:03:02][FXRateLoader][INFO] Reuters USD/JPY rate: 145.20.
[2024-08-29 09:03:03][FXRateLoader][INFO] Cross-verifying rates with ECB data...
[2024-08-29 09:03:04][FXRateLoader][INFO] No discrepancies found.
[2024-08-29 09:04:00][FXRateLoader][INFO] Loading FX rate forecast for next quarter...
[2024-08-29 09:04:01][FXRateLoader][INFO] Expected USD/EUR range: 1.0800 - 1.1000.
[2024-08-29 09:04:02][FXRateLoader][INFO] Expected USD/JPY range: 144.00 - 146.00.
[2024-08-29 09:04:03][FXRateLoader][INFO] FX rate forecast data loaded.
[2024-08-29 09:05:00][FXRateLoader][INFO] Checking for FX rate anomalies...
[2024-08-29 09:05:01][FXRateLoader][INFO] USD/EUR deviation within acceptable range.
[2024-08-29 09:05:02][FXRateLoader][INFO] USD/JPY deviation exceeds threshold, alert triggered.
[2024-08-29 09:05:03][FXRateLoader][INFO] Alert sent to risk team.
[2024-08-29 09:06:00][FXRateLoader][INFO] Loading FX rate correlation matrix...
[2024-08-29 09:06:01][FXRateLoader][INFO] USD/EUR - USD/JPY correlation: 0.42.
[2024-08-29 09:06:02][FXRateLoader][INFO] USD/EUR - USD/GBP correlation: 0.78.
[2024-08-29 09:06:03][FXRateLoader][INFO] FX rate correlation analysis completed.
[2024-08-29 09:07:00][FXRateLoader][INFO] Updating FX rates for risk models...
[2024-08-29 09:07:01][FXRateLoader][INFO] Models updated with current FX rates.
[2024-08-29 09:07:02][FXRateLoader][INFO] All systems synchronized with latest FX data.
[2024-08-29 09:08:00][FXRateLoader][INFO] Refreshing FX rates feed every 15 minutes...
[2024-08-29 09:08:01][FXRateLoader][INFO] Feed status: Stable.
[2024-08-29 09:08:02][FXRateLoader][INFO] No interruptions detected.
[2024-08-29 09:09:00][FXRateLoader][INFO] Loading FX rates from backup source: OANDA...
[2024-08-29 09:09:01][FXRateLoader][INFO] OANDA USD/EUR rate: 1.0918.
[2024-08-29 09:09:02][FXRateLoader][INFO] OANDA USD/JPY rate: 145.30.
[2024-08-29 09:09:03][FXRateLoader][INFO] Backup rates loaded for validation.
[2024-08-29 09:10:00][FXRateLoader][INFO] Analyzing FX rate volatility...
[2024-08-29 09:10:01][FXRateLoader][INFO] USD/EUR volatility: 0.85%.
[2024-08-29 09:10:02][FXRateLoader][INFO] USD/JPY volatility: 1.12%.
[2024-08-29 09:10:03][FXRateLoader][INFO] Volatility levels within expected ranges.
[2024-08-29 09:11:00][FXRateLoader][INFO] Cross-checking FX rates against prior day's closing values...
[2024-08-29 09:11:01][FXRateLoader][INFO] USD/EUR change: +0.02%.
[2024-08-29 09:11:02][FXRateLoader][INFO] USD/JPY change: -0.05%.
[2024-08-29 09:11:03][FXRateLoader][INFO] No significant overnight changes.
[2024-08-29 09:12:00][FXRateLoader][INFO] Fetching weekly FX rate summaries...
[2024-08-29 09:12:01][FXRateLoader][INFO] USD/EUR weekly range: 1.0880 - 1.0920.
[2024-08-29 09:12:02][FXRateLoader][INFO] USD/JPY weekly range: 144.80 - 145.50.
[2024-08-29 09:12:03][FXRateLoader][INFO] Weekly FX rate summaries loaded.
[2024-08-29 09:13:00][FXRateLoader][INFO] Synchronizing FX rate updates with trading system...
[2024-08-29 09:13:01][FXRateLoader][INFO] Trading system updated with current FX rates.
[2024-08-29 09:13:02][FXRateLoader][INFO] All trading algorithms synchronized.
[2024-08-29 09:14:00][FXRateLoader][INFO] Updating FX rate data cache...
[2024-08-29 09:14:01][FXRateLoader][INFO] Data cache updated successfully.
[2024-08-29 09:14:02][FXRateLoader][INFO] Cache status: Healthy.
[2024-08-29 09:15:00][FXRateLoader][INFO] Monitoring FX rate data feed health...
[2024-08-29 09:15:01][FXRateLoader][INFO] Data feed latency: 50ms.
[2024-08-29 09:15:02][FXRateLoader][INFO] No anomalies in data feed latency.
[2024-08-29 09:16:00][FXRateLoader][INFO] Revalidating FX rates with primary and secondary sources...
[2024-08-29 09:16:01][FXRateLoader][INFO] Cross-check complete: Rates match across sources.
[2024-08-29 09:16:02][FXRateLoader][INFO] FX rate validation successful.
[2024-08-29 09:17:00][FXRateLoader][INFO] Reporting FX rate updates to data warehouse...
[2024-08-29 09:17:01][FXRateLoader][INFO] Data warehouse sync complete.
[2024-08-29 09:17:02][FXRateLoader][INFO] FX rate reports archived.
[2024-08-29 09:18:00][FXRateLoader][INFO] Fetching FX rate impact analysis on bond yields...
[2024-08-29 09:18:01][FXRateLoader][INFO] USD/EUR impact: 5 bps on average bond yield.
[2024-08-29 09:18:02][FXRateLoader][INFO] USD/JPY impact: 3 bps on average bond yield.
[2024-08-29 09:18:03][FXRateLoader][INFO] Impact analysis completed.
[2024-08-29 09:19:00][FXRateLoader][INFO] Loading FX rates for Asian market opening...
[2024-08-29 09:19:01][FXRateLoader][INFO] JPY/GBP rate: 0.0087.
[2024-08-29 09:19:02][FXRateLoader][INFO] JPY/EUR rate: 0.0075.
[2024-08-29 09:19:03][FXRateLoader][INFO] Asian market FX rates loaded.
[2024-08-29 09:20:00][FXRateLoader][INFO] Refreshing FX rates for New York trading hours...
[2024-08-29 09:20:01][FXRateLoader][INFO] USD/CAD rate: 1.3550.
[2024-08-29 09:20:02][FXRateLoader][INFO] USD/MXN rate: 16.8425.
[2024-08-29 09:20:03][FXRateLoader][INFO] FX rates refreshed for New York trading session.
[2024-08-29 09:21:00][FXRateLoader][INFO] Fetching FX rates impact on inflation forecast...
[2024-08-29 09:21:01][FXRateLoader][INFO] Inflation impact analysis complete: FX impact minimal.
[2024-08-29 09:21:02][FXRateLoader][INFO] Reporting to economic analysis team.
[2024-08-29 09:22:00][FXRateLoader][INFO] Updating FX rate feeds for API endpoints...
[2024-08-29 09:22:01][FXRateLoader][INFO] API endpoints updated with current FX rates.
[2024-08-29 09:22:02][FXRateLoader][INFO] Endpoints verified for accuracy.
[2024-08-29 09:23:00][FXRateLoader][INFO] Running FX rate integrity checks...
[2024-08-29 09:23:01][FXRateLoader][INFO] No integrity issues detected.
[2024-08-29 09:23:02][FXRateLoader][INFO] FX rate integrity check passed.
[2024-08-29 09:24:00][FXRateLoader][INFO] Fetching FX rates for high volatility currencies...
[2024-08-29 09:24:01][FXRateLoader][INFO] USD/TRY rate: 27.8450.
[2024-08-29 09:24:02][FXRateLoader][INFO] USD/ZAR rate: 18.6850.
[2024-08-29 09:24:03][FXRateLoader][WARNING] High volatility FX rates loaded.
[2024-08-29 09:25:00][FXRateLoader][WARNING] Sending FX rate alerts for significant deviations...
[2024-08-29 09:25:01][FXRateLoader][INFO] Alert: USD/EUR above 1.0920 threshold.
[2024-08-29 09:25:02][FXRateLoader][INFO] Alert: USD/JPY below 145.00 threshold.
[2024-08-29 09:25:03][FXRateLoader][INFO] FX rate alerts dispatched.
[2024-08-29 09:26:00][FXRateLoader][INFO] Logging FX rate updates for audit...
[2024-08-29 09:26:01][FXRateLoader][INFO] Audit log entry created for FX rates.
[2024-08-29 09:26:02][FXRateLoader][INFO] FX rate updates logged successfully.
