[2024-08-29 10:00:00][PriceLoader][INFO] Initiating bond price retrieval process...
[2024-08-29 10:00:01][PriceLoader][INFO] Fetching price for [ACME Corp, 5.00%, 2028-12-31], ISIN: US1234567890, Source: Bloomberg.
[2024-08-29 10:00:02][PriceLoader][INFO] Price retrieved: $102.50.
[2024-08-29 10:00:03][PriceLoader][INFO] Fetching price for [Globex Inc, 4.25%, 2030-06-15], ISIN: US0987654321, Source: Reuters.
[2024-08-29 10:00:04][PriceLoader][INFO] Price retrieved: $99.80.
[2024-08-29 10:00:05][PriceLoader][INFO] Initiating price validation for all fetched bonds...
[2024-08-29 10:00:06][PriceLoader][INFO] [ACME Corp, 5.00%, 2028-12-31] price validated: $102.50.
[2024-08-29 10:00:07][PriceLoader][INFO] [Globex Inc, 4.25%, 2030-06-15] price validated: $99.80.
[2024-08-29 10:00:08][PriceLoader][INFO] All prices validated successfully.
[2024-08-29 10:01:00][PriceLoader][INFO] Loading prices for European market bonds...
[2024-08-29 10:01:01][PriceLoader][INFO] Fetching price for [Deutsche Bank, 3.75%, 2027-05-20], ISIN: DE0001234567, Source: Euronext.
[2024-08-29 10:01:02][PriceLoader][INFO] Price retrieved: €98.70.
[2024-08-29 10:01:03][PriceLoader][INFO] Fetching price for [BNP Paribas, 2.50%, 2029-11-30], ISIN: FR0012345678, Source: Bloomberg.
[2024-08-29 10:01:04][PriceLoader][INFO] Price retrieved: €101.20.
[2024-08-29 10:01:05][PriceLoader][INFO] Initiating real-time price update for active trading session...
[2024-08-29 10:01:06][PriceLoader][INFO] Price update: [ACME Corp, 5.00%, 2028-12-31] changed to $102.70.
[2024-08-29 10:01:07][PriceLoader][INFO] Price update: [Globex Inc, 4.25%, 2030-06-15] changed to $99.60.
[2024-08-29 10:01:08][PriceLoader][INFO] Real-time price updates completed.
[2024-08-29 10:02:00][PriceLoader][INFO] Checking price consistency across sources...
[2024-08-29 10:02:01][PriceLoader][INFO] Cross-source validation for [ACME Corp, 5.00%, 2028-12-31]: Bloomberg vs. Reuters - Consistent.
[2024-08-29 10:02:02][PriceLoader][INFO] Cross-source validation for [Globex Inc, 4.25%, 2030-06-15]: Bloomberg vs. Reuters - Consistent.
[2024-08-29 10:02:03][PriceLoader][INFO] Price consistency check completed.
[2024-08-29 10:03:00][PriceLoader][INFO] Fetching prices for callable bonds...
[2024-08-29 10:03:01][PriceLoader][INFO] Fetching price for [TechCorp, 4.00%, 2027-11-01], ISIN: US8899001122, Source: Bloomberg.
[2024-08-29 10:03:02][PriceLoader][INFO] Price retrieved: $101.30.
[2024-08-29 10:03:03][PriceLoader][INFO] Fetching price for [Alpha Industries, 6.00%, 2029-02-10], ISIN: US6677889900, Source: Reuters.
[2024-08-29 10:03:04][PriceLoader][INFO] Price retrieved: $103.50.
[2024-08-29 10:03:05][PriceLoader][INFO] Callable bond prices loaded.
[2024-08-29 10:04:00][PriceLoader][INFO] Initiating price forecast analysis...
[2024-08-29 10:04:01][PriceLoader][INFO] Forecast for [ACME Corp, 5.00%, 2028-12-31]: Expected price rise to $103.00.
[2024-08-29 10:04:02][PriceLoader][INFO] Forecast for [Globex Inc, 4.25%, 2030-06-15]: Stable at $99.80.
[2024-08-29 10:04:03][PriceLoader][INFO] Price forecast analysis completed.
[2024-08-29 10:05:00][PriceLoader][INFO] Loading prices for bonds with credit watch status...
[2024-08-29 10:05:01][PriceLoader][INFO] Fetching price for [Cyberdyne, 5.50%, 2025-07-20], ISIN: US5544332211, Source: Bloomberg.
[2024-08-29 10:05:02][PriceLoader][INFO] Price retrieved: $96.80.
[2024-08-29 10:05:03][PriceLoader][INFO] Credit watch bond prices fetched.
[2024-08-29 10:06:00][PriceLoader][INFO] Reviewing intraday price movements for volatility monitoring...
[2024-08-29 10:06:01][PriceLoader][INFO] Intraday movement: [ACME Corp, 5.00%, 2028-12-31] range $102.50 - $102.70.
[2024-08-29 10:06:02][PriceLoader][INFO] Intraday movement: [Globex Inc, 4.25%, 2030-06-15] range $99.60 - $99.80.
[2024-08-29 10:06:03][PriceLoader][INFO] Volatility monitoring completed.
[2024-08-29 10:07:00][PriceLoader][INFO] Fetching historical prices for trend analysis...
[2024-08-29 10:07:01][PriceLoader][INFO] Historical price for [ACME Corp, 5.00%, 2028-12-31]: Last week - $102.00, Last month - $101.50.
[2024-08-29 10:07:02][PriceLoader][INFO] Historical price for [Globex Inc, 4.25%, 2030-06-15]: Last week - $100.20, Last month - $100.00.
[2024-08-29 10:07:03][PriceLoader][INFO] Historical trend analysis completed.
[2024-08-29 10:08:00][PriceLoader][INFO] Monitoring price fluctuations for bonds near maturity...
[2024-08-29 10:08:01][PriceLoader][INFO] [Globex Inc, 4.25%, 2030-06-15] price steady at $99.80.
[2024-08-29 10:08:02][PriceLoader][INFO] [Cyberdyne, 5.50%, 2025-07-20] price fluctuation: $96.50 - $96.80.
[2024-08-29 10:08:03][PriceLoader][INFO] Maturity bond price monitoring completed.
[2024-08-29 10:09:00][PriceLoader][INFO] Compiling price data for monthly performance report...
[2024-08-29 10:09:01][PriceLoader][INFO] Monthly report: [ACME Corp, 5.00%, 2028-12-31], Avg Price: $102.60.
[2024-08-29 10:09:02][PriceLoader][INFO] Monthly report: [Globex Inc, 4.25%, 2030-06-15], Avg Price: $99.75.
[2024-08-29 10:09:03][PriceLoader][INFO] Monthly price performance report compiled.
[2024-08-29 10:10:00][PriceLoader][INFO] Fetching prices for bonds with ratings below investment grade...
[2024-08-29 10:10:01][PriceLoader][INFO] Fetching price for [Umbrella Corp, 6.75%, 2029-01-01], ISIN: US3344556677, Source: Bloomberg.
[2024-08-29 10:10:02][PriceLoader][INFO] Price retrieved: $92.40.
[2024-08-29 10:10:03][PriceLoader][INFO] High-yield bond prices fetched.
[2024-08-29 10:11:00][PriceLoader][INFO] Validating prices against internal benchmarks...
[2024-08-29 10:11:01][PriceLoader][INFO] [ACME Corp, 5.00%, 2028-12-31] Price $102.60 vs. Benchmark $102.55 - Matched.
[2024-08-29 10:11:02][PriceLoader][INFO] [Globex Inc, 4.25%, 2030-06-15] Price $99.75 vs. Benchmark $99.70 - Matched.
[2024-08-29 10:11:03][PriceLoader][INFO] Price validation against benchmarks completed.
